<?xml version="1.0" encoding="UTF-8"?>
<!-- Generated by org.testng.reporters.JUnitReportReporter -->
<testsuite hostname="LAPTOP-2CDFN5B5" failures="0" tests="1" name="Com.OrangeHRM.qa.TestCase.OrangeHRM_AdminPage_TestCase" time="45.720" errors="0" timestamp="2022-10-14T13:52:20 IST" skipped="0">
  <testcase classname="Com.OrangeHRM.qa.TestCase.OrangeHRM_AdminPage_TestCase" name="AdminPage" time="45.720"/>
  <system-out/>
</testsuite> <!-- Com.OrangeHRM.qa.TestCase.OrangeHRM_AdminPage_TestCase -->
