<?xml version="1.0" encoding="UTF-8"?>
<!-- Generated by org.testng.reporters.JUnitReportReporter -->
<testsuite hostname="LAPTOP-2CDFN5B5" failures="0" tests="1" name="Com.OrangeHRM.qa.TestCase.OrangeHRM_TimePage_TestCase" time="22.217" errors="0" timestamp="2022-10-14T19:31:18 IST" skipped="0">
  <testcase classname="Com.OrangeHRM.qa.TestCase.OrangeHRM_TimePage_TestCase" name="TimeOrangeHRM" time="22.217"/>
  <system-out/>
</testsuite> <!-- Com.OrangeHRM.qa.TestCase.OrangeHRM_TimePage_TestCase -->
