<?xml version="1.0" encoding="UTF-8"?>
<!-- Generated by org.testng.reporters.JUnitReportReporter -->
<testsuite hostname="LAPTOP-2CDFN5B5" failures="0" tests="1" name="Com.OrangeHRM.qa.TestCase.OrangeHRM_LeavePage_TestCase" time="25.910" errors="0" timestamp="2022-10-14T17:00:11 IST" skipped="0">
  <testcase classname="Com.OrangeHRM.qa.TestCase.OrangeHRM_LeavePage_TestCase" name="empleave" time="25.910"/>
  <system-out/>
</testsuite> <!-- Com.OrangeHRM.qa.TestCase.OrangeHRM_LeavePage_TestCase -->
