<?xml version="1.0" encoding="UTF-8"?>
<!-- Generated by org.testng.reporters.JUnitReportReporter -->
<testsuite hostname="LAPTOP-2CDFN5B5" failures="0" tests="3" name="Com.OrangeHRM.qa.TestCase.OrangeHRM_HomePage_TestCase" time="65.872" errors="0" timestamp="2022-10-14T12:50:10 IST" skipped="0">
  <testcase classname="Com.OrangeHRM.qa.TestCase.OrangeHRM_HomePage_TestCase" name="listofconfigu" time="17.896"/>
  <system-out/>
  <testcase classname="Com.OrangeHRM.qa.TestCase.OrangeHRM_HomePage_TestCase" name="employeename" time="23.689"/>
  <system-out/>
  <testcase classname="Com.OrangeHRM.qa.TestCase.OrangeHRM_HomePage_TestCase" name="addandsave" time="24.287"/>
  <system-out/>
</testsuite> <!-- Com.OrangeHRM.qa.TestCase.OrangeHRM_HomePage_TestCase -->
