<?xml version="1.0" encoding="UTF-8"?>
<!-- Generated by org.testng.reporters.JUnitReportReporter -->
<testsuite hostname="LAPTOP-2CDFN5B5" failures="0" tests="2" name="ParallelTesting.ParallelTest1" time="32.898" errors="0" timestamp="2022-10-09T14:29:26 IST" skipped="0">
  <testcase classname="ParallelTesting.ParallelTest1" name="SetUp1" time="17.551"/>
  <system-out/>
  <testcase classname="ParallelTesting.ParallelTest1" name="SetUp2" time="15.347"/>
  <system-out/>
</testsuite> <!-- ParallelTesting.ParallelTest1 -->
