<?xml version="1.0" encoding="UTF-8"?>
<!-- Generated by org.testng.reporters.JUnitReportReporter -->
<testsuite hostname="LAPTOP-2CDFN5B5" failures="0" tests="2" name="TestNG.KiteWithTestNg" time="8.149" errors="0" timestamp="2022-10-04T12:41:29 IST" skipped="0">
  <testcase classname="TestNG.KiteWithTestNg" name="m2" time="5.034"/>
  <system-out/>
  <testcase classname="TestNG.KiteWithTestNg" name="m1" time="3.115"/>
  <system-out/>
</testsuite> <!-- TestNG.KiteWithTestNg -->
