<?xml version="1.0" encoding="UTF-8"?>
<!-- Generated by org.testng.reporters.JUnitReportReporter -->
<testsuite hostname="LAPTOP-2CDFN5B5" failures="0" tests="2" name="ParallelTesting.Parallel_Testing2" time="18.607" errors="0" timestamp="2022-10-09T14:18:50 IST" skipped="0">
  <testcase classname="ParallelTesting.Parallel_Testing2" name="SetUp1" time="6.331"/>
  <system-out/>
  <testcase classname="ParallelTesting.Parallel_Testing2" name="SetUp2" time="12.276"/>
  <system-out/>
</testsuite> <!-- ParallelTesting.Parallel_Testing2 -->
