<?xml version="1.0" encoding="UTF-8"?>
<!-- Generated by org.testng.reporters.JUnitReportReporter -->
<testsuite hostname="LAPTOP-2CDFN5B5" failures="0" tests="6" name="TestNG_Annotations.TestNG_Groups" time="15.890" errors="0" timestamp="2022-10-08T14:06:23 IST" skipped="0">
  <testcase classname="TestNG_Annotations.TestNG_Groups" name="loginButton" time="2.922"/>
  <system-out/>
  <testcase classname="TestNG_Annotations.TestNG_Groups" name="text" time="2.520"/>
  <system-out/>
  <testcase classname="TestNG_Annotations.TestNG_Groups" name="userIDtext" time="3.897"/>
  <system-out/>
  <testcase classname="TestNG_Annotations.TestNG_Groups" name="Homepage" time="2.362"/>
  <system-out/>
  <testcase classname="TestNG_Annotations.TestNG_Groups" name="Searchpage" time="2.054"/>
  <system-out/>
  <testcase classname="TestNG_Annotations.TestNG_Groups" name="Titelpage" time="2.135"/>
  <system-out/>
</testsuite> <!-- TestNG_Annotations.TestNG_Groups -->
