<?xml version="1.0" encoding="UTF-8"?>
<!-- Generated by org.testng.reporters.JUnitReportReporter -->
<testsuite hostname="LAPTOP-2CDFN5B5" failures="0" tests="2" name="TestNG_Annotations.TestNG_expectedExceptions" time="0.009" errors="0" timestamp="2022-10-08T13:30:37 IST" skipped="0">
  <testcase classname="TestNG_Annotations.TestNG_expectedExceptions" name="test2" time="0.001"/>
  <system-out/>
  <testcase classname="TestNG_Annotations.TestNG_expectedExceptions" name="test1" time="0.008"/>
  <system-out/>
</testsuite> <!-- TestNG_Annotations.TestNG_expectedExceptions -->
