<?xml version="1.0" encoding="UTF-8"?>
<!-- Generated by org.testng.reporters.JUnitReportReporter -->
<testsuite hostname="LAPTOP-2CDFN5B5" failures="0" tests="4" name="TestNG_Annotations_keywors.TestNG_priority_Keyword" time="8.689" errors="0" timestamp="2022-10-11T12:26:34 IST" skipped="0">
  <testcase classname="TestNG_Annotations_keywors.TestNG_priority_Keyword" name="ios" time="2.708"/>
  <system-out/>
  <testcase classname="TestNG_Annotations_keywors.TestNG_priority_Keyword" name="text" time="1.950"/>
  <system-out/>
  <testcase classname="TestNG_Annotations_keywors.TestNG_priority_Keyword" name="userIDtext" time="1.966"/>
  <system-out/>
  <testcase classname="TestNG_Annotations_keywors.TestNG_priority_Keyword" name="loginButton" time="2.065"/>
  <system-out/>
</testsuite> <!-- TestNG_Annotations_keywors.TestNG_priority_Keyword -->
