<?xml version="1.0" encoding="UTF-8"?>
<!-- Generated by org.testng.reporters.JUnitReportReporter -->
<testsuite hostname="LAPTOP-2CDFN5B5" failures="0" tests="4" name="TestNG_Annotations.TestNG_dependsOnMethod" time="0.005" errors="0" timestamp="2022-10-06T15:44:10 IST" skipped="0">
  <testcase classname="TestNG_Annotations.TestNG_dependsOnMethod" name="Searchpage" time="0.001"/>
  <system-out/>
  <testcase classname="TestNG_Annotations.TestNG_dependsOnMethod" name="Titelpage" time="0.001"/>
  <system-out/>
  <testcase classname="TestNG_Annotations.TestNG_dependsOnMethod" name="Homepage" time="0.002"/>
  <system-out/>
  <testcase classname="TestNG_Annotations.TestNG_dependsOnMethod" name="logintest" time="0.001"/>
  <system-out/>
</testsuite> <!-- TestNG_Annotations.TestNG_dependsOnMethod -->
