<?xml version="1.0" encoding="UTF-8"?>
<!-- Generated by org.testng.reporters.JUnitReportReporter -->
<testsuite hostname="LAPTOP-2CDFN5B5" failures="0" tests="1" name="Parameterazation_By_TestNG.Test1" time="38.275" errors="0" timestamp="2022-10-09T15:50:51 IST" skipped="0">
  <testcase classname="Parameterazation_By_TestNG.Test1" name="LoginTest" time="38.275"/>
  <system-out/>
</testsuite> <!-- Parameterazation_By_TestNG.Test1 -->
