<?xml version="1.0" encoding="UTF-8"?>
<!-- Generated by org.testng.reporters.JUnitReportReporter -->
<testsuite hostname="LAPTOP-2CDFN5B5" failures="0" tests="6" name="TestNG_Annotations.Kite_Test" time="22.054" errors="0" timestamp="2022-10-08T22:52:39 IST" skipped="0">
  <testcase classname="TestNG_Annotations.Kite_Test" name="version" time="4.318"/>
  <system-out/>
  <testcase classname="TestNG_Annotations.Kite_Test" name="kiteLogo" time="3.072"/>
  <system-out/>
  <testcase classname="TestNG_Annotations.Kite_Test" name="loginPageTitel" time="3.347"/>
  <system-out/>
  <testcase classname="TestNG_Annotations.Kite_Test" name="kiteOnPlayStroeAndAppStrore" time="3.173"/>
  <system-out/>
  <testcase classname="TestNG_Annotations.Kite_Test" name="singUp" time="5.219"/>
  <system-out/>
  <testcase classname="TestNG_Annotations.Kite_Test" name="zarodhainfno" time="2.925"/>
  <system-out/>
</testsuite> <!-- TestNG_Annotations.Kite_Test -->
