<?xml version="1.0" encoding="UTF-8"?>
<!-- Generated by org.testng.reporters.JUnitReportReporter -->
<testsuite hostname="LAPTOP-2CDFN5B5" failures="0" tests="4" name="DataProvider.DataProvider_2" time="56.558" errors="0" timestamp="2022-10-08T18:22:19 IST" skipped="0">
  <testcase classname="DataProvider.DataProvider_2" name="logigTest" time="11.451"/>
  <system-out/>
  <testcase classname="DataProvider.DataProvider_2" name="logigTest" time="22.049"/>
  <system-out/>
  <testcase classname="DataProvider.DataProvider_2" name="logigTest" time="11.667"/>
  <system-out/>
  <testcase classname="DataProvider.DataProvider_2" name="logigTest" time="11.391"/>
  <system-out/>
</testsuite> <!-- DataProvider.DataProvider_2 -->
