<?xml version="1.0" encoding="UTF-8"?>
<!-- Generated by org.testng.reporters.JUnitReportReporter -->
<testsuite hostname="LAPTOP-2CDFN5B5" failures="0" tests="3" name="TestNG_Annotations.TestNG_enabled_Keyword" time="4.882" errors="0" timestamp="2022-10-06T15:44:10 IST" skipped="1">
  <testcase classname="TestNG_Annotations.TestNG_enabled_Keyword" name="KiteTitel" time="2.190"/>
  <system-out/>
  <testcase classname="TestNG_Annotations.TestNG_enabled_Keyword" name="ioslogo" time="2.692"/>
  <system-out/>
  <testcase classname="TestNG_Annotations.TestNG_enabled_Keyword" name="loginText">
    <skipped/>
  </testcase> <!-- loginText -->
  <system-out/>
</testsuite> <!-- TestNG_Annotations.TestNG_enabled_Keyword -->
