<?xml version="1.0" encoding="UTF-8"?>
<!-- Generated by org.testng.reporters.JUnitReportReporter -->
<testsuite hostname="LAPTOP-2CDFN5B5" failures="0" tests="3" name="TestNG_Annotations.TestNG_priority_Keyword1" time="6.899" errors="0" timestamp="2022-10-06T15:44:10 IST" skipped="0">
  <testcase classname="TestNG_Annotations.TestNG_priority_Keyword1" name="Loginclick" time="2.285"/>
  <system-out/>
  <testcase classname="TestNG_Annotations.TestNG_priority_Keyword1" name="forgotpassword" time="2.426"/>
  <system-out/>
  <testcase classname="TestNG_Annotations.TestNG_priority_Keyword1" name="download" time="2.188"/>
  <system-out/>
</testsuite> <!-- TestNG_Annotations.TestNG_priority_Keyword1 -->
