<?xml version="1.0" encoding="UTF-8"?>
<!-- Generated by org.testng.reporters.JUnitReportReporter -->
<testsuite hostname="LAPTOP-2CDFN5B5" failures="0" tests="2" name="TestNG_Annotations_keywors.EmaliableReport" time="0.009" errors="0" timestamp="2022-10-11T12:41:26 IST" skipped="0">
  <testcase classname="TestNG_Annotations_keywors.EmaliableReport" name="SreachTest" time="0.009"/>
  <system-out>
    <![CDATA[Running Testcase 2 ---> Sreach Test Method ]]>
  </system-out>
  <testcase classname="TestNG_Annotations_keywors.EmaliableReport" name="googletitel" time="0.000"/>
  <system-out>
    <![CDATA[Running Testcase 1 ---> Google Titel Method]]>
  </system-out>
</testsuite> <!-- TestNG_Annotations_keywors.EmaliableReport -->
