<?xml version="1.0" encoding="UTF-8"?>
<!-- Generated by org.testng.reporters.JUnitReportReporter -->
<testsuite hostname="LAPTOP-2CDFN5B5" failures="0" tests="2" name="Assertion.HardAssert" time="0.010" errors="0" timestamp="2022-10-06T12:29:44 IST" skipped="0">
  <testcase classname="Assertion.HardAssert" name="DemoTest1" time="0.009"/>
  <system-out/>
  <testcase classname="Assertion.HardAssert" name="DemoTest2" time="0.001"/>
  <system-out/>
</testsuite> <!-- Assertion.HardAssert -->
