<?xml version="1.0" encoding="UTF-8"?>
<!-- Generated by org.testng.reporters.JUnitReportReporter -->
<testsuite hostname="LAPTOP-2CDFN5B5" failures="0" tests="4" name="TestNG_Annotations.TestNG_priority_Keyword" time="9.515" errors="0" timestamp="2022-10-06T15:44:10 IST" skipped="0">
  <testcase classname="TestNG_Annotations.TestNG_priority_Keyword" name="loginButton" time="2.269"/>
  <system-out/>
  <testcase classname="TestNG_Annotations.TestNG_priority_Keyword" name="text" time="2.409"/>
  <system-out/>
  <testcase classname="TestNG_Annotations.TestNG_priority_Keyword" name="userIDtext" time="2.376"/>
  <system-out/>
  <testcase classname="TestNG_Annotations.TestNG_priority_Keyword" name="ios" time="2.461"/>
  <system-out/>
</testsuite> <!-- TestNG_Annotations.TestNG_priority_Keyword -->
