<?xml version="1.0" encoding="UTF-8"?>
<!-- Generated by org.testng.reporters.JUnitReportReporter -->
<testsuite hostname="LAPTOP-2CDFN5B5" failures="0" tests="2" name="TestNG_Annotations.EmaliableReport" time="0.001" errors="0" timestamp="2022-10-06T15:44:10 IST" skipped="0">
  <testcase classname="TestNG_Annotations.EmaliableReport" name="SreachTest" time="0.001"/>
  <system-out>
    <![CDATA[Running Testcase 2]]>
  </system-out>
  <testcase classname="TestNG_Annotations.EmaliableReport" name="googletitel" time="0.000"/>
  <system-out>
    <![CDATA[Running Testcase 1]]>
  </system-out>
</testsuite> <!-- TestNG_Annotations.EmaliableReport -->
