<?xml version="1.0" encoding="UTF-8"?>
<!-- Generated by org.testng.reporters.JUnitReportReporter -->
<testsuite hostname="LAPTOP-2CDFN5B5" failures="0" tests="1" name="ParallelTesting.ParallelTest3" time="23.134" errors="0" timestamp="2022-10-09T14:29:26 IST" skipped="0">
  <testcase classname="ParallelTesting.ParallelTest3" name="SetUp1" time="23.134"/>
  <system-out/>
</testsuite> <!-- ParallelTesting.ParallelTest3 -->
