<?xml version="1.0" encoding="UTF-8"?>
<!-- Generated by org.testng.reporters.JUnitReportReporter -->
<testsuite hostname="LAPTOP-2CDFN5B5" failures="0" tests="15" name="TestNG_Annotations.TestNG_invocationCount" time="0.006" errors="0" timestamp="2022-10-06T15:44:10 IST" skipped="0">
  <testcase classname="TestNG_Annotations.TestNG_invocationCount" name="addition" time="0.000"/>
  <system-out/>
  <testcase classname="TestNG_Annotations.TestNG_invocationCount" name="addition" time="0.000"/>
  <system-out/>
  <testcase classname="TestNG_Annotations.TestNG_invocationCount" name="addition" time="0.000"/>
  <system-out/>
  <testcase classname="TestNG_Annotations.TestNG_invocationCount" name="addition" time="0.001"/>
  <system-out/>
  <testcase classname="TestNG_Annotations.TestNG_invocationCount" name="addition" time="0.000"/>
  <system-out/>
  <testcase classname="TestNG_Annotations.TestNG_invocationCount" name="addition" time="0.002"/>
  <system-out/>
  <testcase classname="TestNG_Annotations.TestNG_invocationCount" name="addition" time="0.001"/>
  <system-out/>
  <testcase classname="TestNG_Annotations.TestNG_invocationCount" name="addition" time="0.001"/>
  <system-out/>
  <testcase classname="TestNG_Annotations.TestNG_invocationCount" name="addition" time="0.000"/>
  <system-out/>
  <testcase classname="TestNG_Annotations.TestNG_invocationCount" name="addition" time="0.001"/>
  <system-out/>
  <testcase classname="TestNG_Annotations.TestNG_invocationCount" name="addition" time="0.000"/>
  <system-out/>
  <testcase classname="TestNG_Annotations.TestNG_invocationCount" name="addition" time="0.000"/>
  <system-out/>
  <testcase classname="TestNG_Annotations.TestNG_invocationCount" name="addition" time="0.000"/>
  <system-out/>
  <testcase classname="TestNG_Annotations.TestNG_invocationCount" name="addition" time="0.000"/>
  <system-out/>
  <testcase classname="TestNG_Annotations.TestNG_invocationCount" name="addition" time="0.000"/>
  <system-out/>
</testsuite> <!-- TestNG_Annotations.TestNG_invocationCount -->
