<?xml version="1.0" encoding="UTF-8"?>
<!-- Generated by org.testng.reporters.JUnitReportReporter -->
<testsuite hostname="LAPTOP-2CDFN5B5" failures="0" tests="3" name="Assertion.HardAssert1" time="10.077" errors="0" timestamp="2022-10-06T14:38:26 IST" skipped="1">
  <testcase classname="Assertion.HardAssert1" name="username" time="7.840"/>
  <system-out/>
  <testcase classname="Assertion.HardAssert1" name="Kite_Login" time="2.237"/>
  <system-out/>
  <testcase classname="Assertion.HardAssert1" name="assertFalse">
    <skipped/>
  </testcase> <!-- assertFalse -->
  <system-out/>
</testsuite> <!-- Assertion.HardAssert1 -->
