<?xml version="1.0" encoding="UTF-8"?>
<!-- Generated by org.testng.reporters.JUnitReportReporter -->
<testsuite hostname="LAPTOP-2CDFN5B5" failures="0" tests="3" name="TestNG.class_Annotations" time="0.010" errors="0" timestamp="2022-10-04T14:56:11 IST" skipped="0">
  <testcase classname="TestNG.class_Annotations" name="SearchBox" time="0.002"/>
  <system-out/>
  <testcase classname="TestNG.class_Annotations" name="GoogleLogo" time="0.006"/>
  <system-out/>
  <testcase classname="TestNG.class_Annotations" name="GoogleTitel" time="0.002"/>
  <system-out/>
</testsuite> <!-- TestNG.class_Annotations -->
